2025-10-23 12:57:55.386 | INFO     | app.tool.web_search:_try_all_engines:299 - 🔎 Attempting search with Google...
2025-10-23 12:57:55.920 | INFO     | app.tool.web_search:_try_all_engines:299 - 🔎 Attempting search with Baidu...
2025-10-23 12:57:59.689 | WARNING  | app.tool.web_search:fetch_content:132 - Failed to fetch content from http://www.baidu.com/link?url=4lIZWtXZk-jrRH6D8EQqbo5tPTDNKeTEaLk8AP744L1mMUO6JdUwR8nyukAJwR60SXeBwzvxX-x7W4H8swUvEq: HTTP 403
2025-10-23 12:58:09.607 | WARNING  | app.tool.web_search:fetch_content:152 - Error fetching content from http://www.baidu.com/link?url=cQtZg5aT4FOPZV4bzIZ9jP44k6qfvdfMX4ocF9E2yWA2FviRyOinu-5di0-2_0zi: HTTPSConnectionPool(host='www.nasdaq.com', port=443): Read timed out. (read timeout=10)
2025-10-23 12:58:09.608 | INFO     | app.tool.web_search:_try_all_engines:299 - 🔎 Attempting search with Google...
2025-10-23 12:58:10.136 | INFO     | app.tool.web_search:_try_all_engines:299 - 🔎 Attempting search with Baidu...
2025-10-23 12:58:14.793 | INFO     | app.tool.web_search:_try_all_engines:299 - 🔎 Attempting search with Google...
2025-10-23 12:58:15.326 | INFO     | app.tool.web_search:_try_all_engines:299 - 🔎 Attempting search with Baidu...
2025-10-23 12:58:21.033 | INFO     | app.tool.web_search:_try_all_engines:299 - 🔎 Attempting search with Google...
2025-10-23 12:58:21.571 | INFO     | app.tool.web_search:_try_all_engines:299 - 🔎 Attempting search with Baidu...
2025-10-23 12:58:27.938 | INFO     | app.tool.web_search:_try_all_engines:299 - 🔎 Attempting search with Google...
2025-10-23 12:58:28.484 | INFO     | app.tool.web_search:_try_all_engines:299 - 🔎 Attempting search with Baidu...
2025-10-23 12:58:30.358 | INFO     | app.tool.web_search:_try_all_engines:299 - 🔎 Attempting search with Duckduckgo...
2025-10-23 12:58:30.850 | INFO     | app.tool.web_search:_try_all_engines:299 - 🔎 Attempting search with Bing...
2025-10-23 12:58:31.526 | WARNING  | app.tool.web_search:execute:274 - All search engines failed. Waiting 60 seconds before retry 1/3...
2025-10-23 12:59:31.540 | INFO     | app.tool.web_search:_try_all_engines:299 - 🔎 Attempting search with Google...
2025-10-23 12:59:32.072 | INFO     | app.tool.web_search:_try_all_engines:299 - 🔎 Attempting search with Baidu...
2025-10-23 12:59:37.001 | INFO     | app.tool.web_search:_try_all_engines:299 - 🔎 Attempting search with Duckduckgo...
2025-10-23 12:59:52.825 | ERROR    | app.agent.manus:_get_code_execution:415 - Error executing code: cannot pickle 'PyCapsule' object
2025-10-23 13:00:04.601 | ERROR    | app.agent.manus:_get_code_execution:415 - Error executing code: cannot pickle 'PyCapsule' object
2025-10-23 13:00:16.449 | ERROR    | app.agent.manus:_get_code_execution:415 - Error executing code: cannot pickle 'PyCapsule' object
2025-10-23 13:00:28.178 | ERROR    | app.agent.manus:_get_code_execution:415 - Error executing code: cannot pickle 'PyCapsule' object
2025-10-23 13:00:28.178 | INFO     | app.tool.web_search:_try_all_engines:299 - 🔎 Attempting search with Google...
2025-10-23 13:00:28.733 | INFO     | app.tool.web_search:_try_all_engines:299 - 🔎 Attempting search with Baidu...
2025-10-23 13:00:30.354 | INFO     | app.tool.web_search:_try_all_engines:299 - 🔎 Attempting search with Duckduckgo...
